<?xml version="1.0" encoding="UTF-8"?>
<!-- Generated by org.testng.reporters.JUnitReportReporter -->
<testsuite hostname="Daniyals-MacBook-Pro.local" name="testCase.MASTER" tests="1" failures="0" timestamp="12 Aug 2016 18:06:41 GMT" time="39.525" errors="0">
  <testcase name="addProductToCart" time="39.525" classname="testCase.MASTER"/>
</testsuite> <!-- testCase.MASTER -->
