<?xml version="1.0" encoding="UTF-8"?>
<!-- Generated by org.testng.reporters.JUnitReportReporter -->
<testsuite hostname="Daniyals-MacBook-Pro.local" name="testCase.example" tests="1" failures="0" timestamp="8 Aug 2016 21:33:53 GMT" time="20.592" errors="0">
  <testcase name="issue" time="20.592" classname="testCase.example"/>
</testsuite> <!-- testCase.example -->
